Fri 12 Aug 2022 04:44:11 PM UTC: 
 tests:  0|7
total_score: 0/70
fb3a07f
Fri 12 Aug 2022 04:48:40 PM UTC: 
 exercises.c | 2 +-
 1 file changed, 1 insertion(+), 1 deletion(-)
 tests:  1|6
total_score: 10/70
f4dff42
Fri 12 Aug 2022 05:24:05 PM UTC: 
 exercises.c | 4 ++++
 1 file changed, 4 insertions(+)
 tests:  1|6
total_score: 10/70
69cb3ca
Fri 12 Aug 2022 05:27:19 PM UTC: 
 exercises.c | 5 +----
 1 file changed, 1 insertion(+), 4 deletions(-)
In file included from test.c:5:
exercises.c: In function ‘sumaNultimos’:
exercises.c:41:14: error: value computed is not used [-Werror=unused-value]
   41 |   sumaN(a,n) - sumaN(a,n-m);
      |   ~~~~~~~~~~~^~~~~~~~~~~~~~
exercises.c:40:10: error: unused variable ‘tot’ [-Werror=unused-variable]
   40 |   int i, tot = 0;
      |          ^~~
exercises.c:40:7: error: unused variable ‘i’ [-Werror=unused-variable]
   40 |   int i, tot = 0;
      |       ^
cc1: all warnings being treated as errors
Compilation failed
fcc2584
Fri 12 Aug 2022 05:27:30 PM UTC: 
 exercises.c | 1 -
 1 file changed, 1 deletion(-)
In file included from test.c:5:
exercises.c: In function ‘sumaNultimos’:
exercises.c:40:14: error: value computed is not used [-Werror=unused-value]
   40 |   sumaN(a,n) - sumaN(a,n-m);
      |   ~~~~~~~~~~~^~~~~~~~~~~~~~
cc1: all warnings being treated as errors
Compilation failed
dbae9b7
Fri 12 Aug 2022 05:27:43 PM UTC: 
 exercises.c | 2 +-
 1 file changed, 1 insertion(+), 1 deletion(-)
In file included from test.c:5:
exercises.c: In function ‘sumaNultimos’:
exercises.c:40:15: error: value computed is not used [-Werror=unused-value]
   40 |   (sumaN(a,n) - sumaN(a,n-m));
      |   ~~~~~~~~~~~~^~~~~~~~~~~~~~~
cc1: all warnings being treated as errors
Compilation failed
879e8a3
Fri 12 Aug 2022 05:29:02 PM UTC: 
 exercises.c | 2 +-
 1 file changed, 1 insertion(+), 1 deletion(-)
In file included from test.c:5:
exercises.c: In function ‘sumaNultimos’:
exercises.c:40:13: error: value computed is not used [-Werror=unused-value]
   40 |   sumaN(a,n)-sumaN(a,n-m);
      |   ~~~~~~~~~~^~~~~~~~~~~~~
cc1: all warnings being treated as errors
Compilation failed
65d5b9c
Fri 12 Aug 2022 05:29:48 PM UTC: 
 exercises.c | 3 ++-
 1 file changed, 2 insertions(+), 1 deletion(-)
In file included from test.c:5:
exercises.c: In function ‘sumaNultimos’:
exercises.c:40:7: error: variable ‘tot’ set but not used [-Werror=unused-but-set-variable]
   40 |   int tot = 0;
      |       ^~~
cc1: all warnings being treated as errors
Compilation failed
60b5930
Fri 12 Aug 2022 05:29:57 PM UTC: 
 exercises.c | 2 +-
 1 file changed, 1 insertion(+), 1 deletion(-)
In file included from test.c:5:
exercises.c: In function ‘sumaNultimos’:
exercises.c:40:7: error: variable ‘tot’ set but not used [-Werror=unused-but-set-variable]
   40 |   int tot;
      |       ^~~
cc1: all warnings being treated as errors
Compilation failed
9f8b9c0
Fri 12 Aug 2022 05:31:17 PM UTC: 
 exercises.c | 3 +--
 1 file changed, 1 insertion(+), 2 deletions(-)
 tests:  2|5
total_score: 20/70
126c9b7
Fri 12 Aug 2022 05:43:13 PM UTC: 
 exercises.c | 7 +++++--
 1 file changed, 5 insertions(+), 2 deletions(-)
 tests:  3|4
total_score: 30/70
18e512f
Fri 12 Aug 2022 05:46:19 PM UTC: 
 exercises.c | 5 ++++-
 1 file changed, 4 insertions(+), 1 deletion(-)
In file included from test.c:5:
exercises.c: In function ‘crearVector’:
exercises.c:80:15: error: ‘vector’ undeclared (first use in this function); did you mean ‘Vector’?
   80 |   Vector* v =(vector*)realloc(sizeof(Vector));
      |               ^~~~~~
      |               Vector
exercises.c:80:15: note: each undeclared identifier is reported only once for each function it appears in
exercises.c:80:22: error: expected expression before ‘)’ token
   80 |   Vector* v =(vector*)realloc(sizeof(Vector));
      |                      ^
exercises.c:81:19: error: expected ‘;’ before ‘return’
   81 |   v ->capacidad= n
      |                   ^
      |                   ;
   82 | 
   83 |   return v;
      |   ~~~~~~           
exercises.c:84:1: error: control reaches end of non-void function [-Werror=return-type]
   84 | }
      | ^
cc1: all warnings being treated as errors
Compilation failed
526643c
Fri 12 Aug 2022 05:46:35 PM UTC: 
 exercises.c | 2 +-
 1 file changed, 1 insertion(+), 1 deletion(-)
In file included from test.c:5:
exercises.c: In function ‘crearVector’:
exercises.c:80:15: error: ‘vector’ undeclared (first use in this function); did you mean ‘Vector’?
   80 |   Vector* v =(vector*)calloc(sizeof(Vector));
      |               ^~~~~~
      |               Vector
exercises.c:80:15: note: each undeclared identifier is reported only once for each function it appears in
exercises.c:80:22: error: expected expression before ‘)’ token
   80 |   Vector* v =(vector*)calloc(sizeof(Vector));
      |                      ^
exercises.c:81:19: error: expected ‘;’ before ‘return’
   81 |   v ->capacidad= n
      |                   ^
      |                   ;
   82 | 
   83 |   return v;
      |   ~~~~~~           
exercises.c:84:1: error: control reaches end of non-void function [-Werror=return-type]
   84 | }
      | ^
cc1: all warnings being treated as errors
Compilation failed
61dec77
Fri 12 Aug 2022 05:46:49 PM UTC: 
 exercises.c | 2 +-
 1 file changed, 1 insertion(+), 1 deletion(-)
In file included from test.c:5:
exercises.c: In function ‘crearVector’:
exercises.c:80:15: error: ‘vector’ undeclared (first use in this function); did you mean ‘Vector’?
   80 |   Vector* v =(vector*)calloc(sizeof(Vector));
      |               ^~~~~~
      |               Vector
exercises.c:80:15: note: each undeclared identifier is reported only once for each function it appears in
exercises.c:80:22: error: expected expression before ‘)’ token
   80 |   Vector* v =(vector*)calloc(sizeof(Vector));
      |                      ^
exercises.c:81:17: error: assignment to ‘int’ from ‘Vector *’ makes integer from pointer without a cast [-Werror=int-conversion]
   81 |   v ->capacidad = v;
      |                 ^
cc1: all warnings being treated as errors
Compilation failed
93db392
Fri 12 Aug 2022 05:47:29 PM UTC: 
 exercises.c | 2 +-
 1 file changed, 1 insertion(+), 1 deletion(-)
In file included from test.c:5:
exercises.c: In function ‘crearVector’:
exercises.c:80:15: error: ‘vector’ undeclared (first use in this function); did you mean ‘Vector’?
   80 |   Vector* v =(vector*)calloc(sizeof(Vector));
      |               ^~~~~~
      |               Vector
exercises.c:80:15: note: each undeclared identifier is reported only once for each function it appears in
exercises.c:80:22: error: expected expression before ‘)’ token
   80 |   Vector* v =(vector*)calloc(sizeof(Vector));
      |                      ^
exercises.c:81:13: error: assignment to ‘int *’ from incompatible pointer type ‘Vector *’ [-Werror=incompatible-pointer-types]
   81 |   v ->datos = v;
      |             ^
cc1: all warnings being treated as errors
Compilation failed
b03af41
Fri 12 Aug 2022 05:48:17 PM UTC: 
 exercises.c | 5 ++---
 1 file changed, 2 insertions(+), 3 deletions(-)
 tests:  3|4
total_score: 30/70
85925cd
Sun 14 Aug 2022 01:10:45 AM UTC: 
 exercises.c | 4 ++--
 1 file changed, 2 insertions(+), 2 deletions(-)
In file included from test.c:5:
exercises.c: In function ‘crearVector’:
exercises.c:80:40: error: ‘capacidad’ undeclared (first use in this function)
   80 |   Vector* v = (Vector*)calloc(n,sizeof(capacidad));
      |                                        ^~~~~~~~~
exercises.c:80:40: note: each undeclared identifier is reported only once for each function it appears in
Compilation failed
9ac0bfc
Sun 14 Aug 2022 01:11:02 AM UTC: 
 exercises.c | 2 +-
 1 file changed, 1 insertion(+), 1 deletion(-)
 tests:  3|4
total_score: 30/70
9ae2d3a
Sun 14 Aug 2022 01:12:05 AM UTC: 
 exercises.c | 2 +-
 1 file changed, 1 insertion(+), 1 deletion(-)
 tests:  3|4
total_score: 30/70
e75e2d6
Sun 14 Aug 2022 01:31:53 AM UTC: 
 exercises.c | 7 ++++---
 1 file changed, 4 insertions(+), 3 deletions(-)
 tests:  3|4
total_score: 30/70
efac345
Sun 14 Aug 2022 01:32:10 AM UTC: 
 exercises.c | 2 +-
 1 file changed, 1 insertion(+), 1 deletion(-)
In file included from test.c:5:
exercises.c: In function ‘crearVector’:
exercises.c:80:20: error: too few arguments to function ‘calloc’
   80 |   Vector* vector = calloc(sizeof(Vector));
      |                    ^~~~~~
In file included from test.c:2:
/nix/store/dwsi3wsqpqm0hpzdm9fsxc7q732p9xwi-glibc-2.34-210-dev/include/stdlib.h:542:14: note: declared here
  542 | extern void *calloc (size_t __nmemb, size_t __size)
      |              ^~~~~~
Compilation failed
fafbdb8
Sun 14 Aug 2022 01:32:21 AM UTC: 
 exercises.c | 2 +-
 1 file changed, 1 insertion(+), 1 deletion(-)
 tests:  3|4
total_score: 30/70
0a8a7cb
Sun 14 Aug 2022 01:32:56 AM UTC: 
 exercises.c | 2 +-
 1 file changed, 1 insertion(+), 1 deletion(-)
 tests:  3|4
total_score: 30/70
005f1bc
Sun 14 Aug 2022 01:33:47 AM UTC: 
 exercises.c | 4 ++--
 1 file changed, 2 insertions(+), 2 deletions(-)
In file included from test.c:5:
exercises.c: In function ‘crearVector’:
exercises.c:80:20: error: too few arguments to function ‘calloc’
   80 |   Vector* vector = calloc(sizeof(Vector));
      |                    ^~~~~~
In file included from test.c:2:
/nix/store/dwsi3wsqpqm0hpzdm9fsxc7q732p9xwi-glibc-2.34-210-dev/include/stdlib.h:542:14: note: declared here
  542 | extern void *calloc (size_t __nmemb, size_t __size)
      |              ^~~~~~
In file included from test.c:5:
exercises.c:81:21: error: too few arguments to function ‘calloc’
   81 |   vector -> datos = calloc(sizeof(int));
      |                     ^~~~~~
In file included from test.c:2:
/nix/store/dwsi3wsqpqm0hpzdm9fsxc7q732p9xwi-glibc-2.34-210-dev/include/stdlib.h:542:14: note: declared here
  542 | extern void *calloc (size_t __nmemb, size_t __size)
      |              ^~~~~~
Compilation failed
f3f8841
Sun 14 Aug 2022 01:34:11 AM UTC: 
 exercises.c | 6 +++---
 1 file changed, 3 insertions(+), 3 deletions(-)
 tests:  4|3
total_score: 40/70
64460c1
Sun 14 Aug 2022 11:30:27 PM UTC: 
 exercises.c | 9 +++++----
 1 file changed, 5 insertions(+), 4 deletions(-)
 tests:  4|3
total_score: 40/70
636fd13
Sun 14 Aug 2022 11:30:36 PM UTC: 
 exercises.c | 2 +-
 1 file changed, 1 insertion(+), 1 deletion(-)
In file included from test.c:5:
exercises.c: In function ‘crearVector’:
exercises.c:80:27: error: too few arguments to function ‘calloc’
   80 |   Vector * v = (Vector *) calloc(n * sizeof(Vector));
      |                           ^~~~~~
In file included from test.c:2:
/nix/store/dwsi3wsqpqm0hpzdm9fsxc7q732p9xwi-glibc-2.34-210-dev/include/stdlib.h:542:14: note: declared here
  542 | extern void *calloc (size_t __nmemb, size_t __size)
      |              ^~~~~~
Compilation failed
542d19b
Sun 14 Aug 2022 11:30:42 PM UTC: 
 exercises.c | 2 +-
 1 file changed, 1 insertion(+), 1 deletion(-)
 tests:  4|3
total_score: 40/70
aac8174
Sun 14 Aug 2022 11:34:31 PM UTC: 
 exercises.c | 2 +-
 1 file changed, 1 insertion(+), 1 deletion(-)
 tests:  4|3
total_score: 40/70
ec0fb92
Sun 14 Aug 2022 11:35:01 PM UTC: 
 exercises.c | 2 +-
 1 file changed, 1 insertion(+), 1 deletion(-)
In file included from test.c:5:
exercises.c: In function ‘asignarValor’:
exercises.c:93:4: error: ‘Vector’ has no member named ‘valor’
   93 |   v->valor[i] = i;
      |    ^~
Compilation failed
97af223
Sun 14 Aug 2022 11:35:14 PM UTC: 
 exercises.c | 2 +-
 1 file changed, 1 insertion(+), 1 deletion(-)
 tests:  6|2
total_score: 50/70
8132111
Sun 14 Aug 2022 11:38:11 PM UTC: 
 exercises.c | 2 +-
 1 file changed, 1 insertion(+), 1 deletion(-)
In file included from test.c:5:
exercises.c: In function ‘obtenerValor’:
exercises.c:103:1: error: control reaches end of non-void function [-Werror=return-type]
  103 | }
      | ^
cc1: all warnings being treated as errors
Compilation failed
453ee18
